TN:
SF:src\config.ts
FNF:0
FNH:0
DA:1,4
DA:2,4
DA:3,4
DA:4,4
DA:5,4
DA:7,4
LF:6
LH:6
BRF:0
BRH:0
end_of_record
TN:
SF:src\index.ts
FNF:0
FNH:0
DA:1,4
DA:2,4
DA:4,4
DA:6,4
LF:4
LH:4
BRF:0
BRH:0
end_of_record
TN:
SF:src\modules.ts
FN:4,(anonymous_0)
FN:8,(anonymous_1)
FN:9,(anonymous_2)
FN:20,(anonymous_3)
FNF:4
FNH:4
FNDA:4,(anonymous_0)
FNDA:4,(anonymous_1)
FNDA:36,(anonymous_2)
FNDA:28,(anonymous_3)
DA:2,4
DA:4,4
DA:5,4
DA:9,4
DA:10,36
DA:11,12
DA:14,24
DA:16,24
DA:17,8
DA:20,16
DA:21,28
DA:22,16
DA:24,12
DA:25,0
DA:27,12
DA:30,16
DA:31,16
DA:34,16
DA:37,4
DA:38,4
DA:42,4
LF:21
LH:20
BRDA:10,0,0,12
BRDA:16,1,0,8
BRDA:20,2,0,16
BRDA:20,2,1,0
BRDA:21,3,0,16
BRDA:24,4,0,0
BRDA:30,5,0,16
BRF:7
BRH:5
end_of_record
TN:
SF:src\config\crypto.ts
FNF:0
FNH:0
DA:1,4
LF:1
LH:1
BRF:0
BRH:0
end_of_record
TN:
SF:src\config\hook.ts
FNF:0
FNH:0
DA:1,4
LF:1
LH:1
BRF:0
BRH:0
end_of_record
TN:
SF:src\config\language.ts
FNF:0
FNH:0
DA:1,4
DA:3,4
LF:2
LH:2
BRF:0
BRH:0
end_of_record
TN:
SF:src\config\modules.ts
FNF:0
FNH:0
DA:1,4
DA:2,4
DA:3,4
DA:4,4
DA:5,4
DA:6,4
DA:8,4
LF:7
LH:7
BRF:0
BRH:0
end_of_record
TN:
SF:src\config\request.ts
FNF:0
FNH:0
DA:1,4
LF:1
LH:1
BRF:0
BRH:0
end_of_record
TN:
SF:src\locales\index.ts
FNF:0
FNH:0
DA:1,4
DA:2,4
DA:4,4
LF:3
LH:3
BRF:0
BRH:0
end_of_record
TN:
SF:src\locales\lang\en-us.ts
FNF:0
FNH:0
DA:1,4
LF:1
LH:1
BRF:0
BRH:0
end_of_record
TN:
SF:src\locales\lang\zh-cn.ts
FNF:0
FNH:0
DA:1,4
LF:1
LH:1
BRF:0
BRH:0
end_of_record
TN:
SF:src\modules\crypto.ts
FN:18,(anonymous_9)
FN:28,(anonymous_10)
FN:57,(anonymous_11)
FN:93,(anonymous_12)
FNF:4
FNH:4
FNDA:4,(anonymous_9)
FNDA:2,(anonymous_10)
FNDA:1,(anonymous_11)
FNDA:2,(anonymous_12)
DA:1,4
DA:18,4
DA:19,4
DA:20,4
DA:21,4
DA:29,2
DA:31,2
DA:34,2
DA:37,2
DA:38,2
DA:40,2
DA:46,2
DA:48,0
DA:49,0
DA:58,1
DA:59,1
DA:62,1
DA:63,1
DA:65,1
DA:71,1
DA:75,1
DA:76,1
DA:78,0
DA:81,1
DA:83,0
DA:84,0
DA:94,2
DA:95,2
DA:99,2
DA:101,1
DA:102,1
DA:104,0
DA:105,0
DA:107,1
DA:108,1
DA:110,0
DA:111,0
DA:113,0
DA:116,2
DA:118,0
DA:119,0
DA:124,4
LF:42
LH:30
BRDA:19,0,0,4
BRDA:19,0,1,0
BRDA:20,1,0,4
BRDA:20,1,1,0
BRDA:21,2,0,4
BRDA:21,2,1,0
BRDA:34,3,0,0
BRDA:34,3,1,2
BRDA:93,4,0,0
BRDA:99,5,0,1
BRDA:99,5,1,0
BRDA:99,5,2,1
BRDA:99,5,3,0
BRDA:99,5,4,0
BRF:14
BRH:6
end_of_record
TN:
SF:src\modules\event.ts
FN:6,(anonymous_0)
FN:13,(anonymous_1)
FN:25,(anonymous_2)
FN:38,(anonymous_3)
FN:42,(anonymous_4)
FN:51,(anonymous_5)
FN:52,(anonymous_6)
FN:63,(anonymous_7)
FN:70,(anonymous_8)
FNF:9
FNH:0
FNDA:0,(anonymous_0)
FNDA:0,(anonymous_1)
FNDA:0,(anonymous_2)
FNDA:0,(anonymous_3)
FNDA:0,(anonymous_4)
FNDA:0,(anonymous_5)
FNDA:0,(anonymous_6)
FNDA:0,(anonymous_7)
FNDA:0,(anonymous_8)
DA:4,0
DA:6,0
DA:14,0
DA:15,0
DA:17,0
DA:26,0
DA:27,0
DA:28,0
DA:30,0
DA:39,0
DA:40,0
DA:42,0
DA:43,0
DA:52,0
DA:53,0
DA:54,0
DA:56,0
DA:64,0
DA:71,0
DA:75,4
LF:20
LH:1
BRDA:14,0,0,0
BRDA:26,1,0,0
BRDA:30,2,0,0
BRDA:30,2,1,0
BRDA:30,3,0,0
BRDA:30,3,1,0
BRDA:40,4,0,0
BRDA:64,5,0,0
BRDA:64,5,1,0
BRDA:64,6,0,0
BRDA:64,6,1,0
BRDA:64,7,0,0
BRDA:64,7,1,0
BRF:13
BRH:0
end_of_record
TN:
SF:src\modules\hook.ts
FN:16,(anonymous_0)
FN:25,(anonymous_1)
FN:54,(anonymous_2)
FN:81,(anonymous_3)
FN:98,(anonymous_4)
FN:106,(anonymous_5)
FN:113,(anonymous_6)
FN:120,(anonymous_7)
FNF:8
FNH:4
FNDA:4,(anonymous_0)
FNDA:7,(anonymous_1)
FNDA:11,(anonymous_2)
FNDA:0,(anonymous_3)
FNDA:0,(anonymous_4)
FNDA:0,(anonymous_5)
FNDA:9,(anonymous_6)
FNDA:0,(anonymous_7)
DA:14,4
DA:16,4
DA:26,7
DA:27,0
DA:30,7
DA:31,7
DA:34,7
DA:35,7
DA:38,7
DA:39,7
DA:40,0
DA:42,7
DA:45,7
DA:55,11
DA:56,11
DA:57,9
DA:60,2
DA:61,2
DA:63,2
DA:64,2
DA:65,2
DA:66,2
DA:68,2
DA:70,0
DA:71,0
DA:82,0
DA:83,0
DA:86,0
DA:87,0
DA:88,0
DA:91,0
DA:99,0
DA:107,0
DA:114,9
DA:121,0
DA:125,4
LF:36
LH:23
BRDA:25,0,0,7
BRDA:26,1,0,0
BRDA:30,2,0,7
BRDA:39,3,0,0
BRDA:39,3,1,7
BRDA:56,4,0,9
BRDA:56,5,0,9
BRDA:56,5,1,2
BRDA:56,6,0,11
BRDA:56,6,1,11
BRDA:66,7,0,2
BRDA:66,7,1,0
BRDA:66,8,0,2
BRDA:66,8,1,2
BRDA:70,9,0,0
BRDA:70,9,1,0
BRDA:82,10,0,0
BRDA:87,11,0,0
BRDA:99,12,0,0
BRDA:99,12,1,0
BRDA:107,13,0,0
BRDA:107,13,1,0
BRF:22
BRH:11
end_of_record
TN:
SF:src\modules\language.ts
FN:12,(anonymous_0)
FN:22,(anonymous_1)
FN:34,(anonymous_2)
FN:43,(anonymous_3)
FN:56,(anonymous_4)
FN:76,(anonymous_5)
FN:83,(anonymous_6)
FN:91,(anonymous_7)
FN:99,(anonymous_8)
FN:107,(anonymous_9)
FN:111,(anonymous_10)
FN:112,(anonymous_11)
FNF:12
FNH:5
FNDA:4,(anonymous_0)
FNDA:0,(anonymous_1)
FNDA:0,(anonymous_2)
FNDA:0,(anonymous_3)
FNDA:4,(anonymous_4)
FNDA:0,(anonymous_5)
FNDA:0,(anonymous_6)
FNDA:0,(anonymous_7)
FNDA:0,(anonymous_8)
FNDA:5,(anonymous_9)
FNDA:3,(anonymous_10)
FNDA:2,(anonymous_11)
DA:12,4
DA:13,4
DA:14,4
DA:15,4
DA:23,0
DA:24,0
DA:26,0
DA:27,0
DA:35,0
DA:44,0
DA:45,0
DA:47,0
DA:57,4
DA:58,4
DA:60,4
DA:61,1
DA:64,4
DA:65,1
DA:66,1
DA:69,3
DA:77,0
DA:84,0
DA:92,0
DA:100,0
DA:101,0
DA:103,0
DA:108,5
DA:112,3
DA:113,2
DA:118,4
LF:30
LH:16
BRDA:13,0,0,4
BRDA:13,0,1,0
BRDA:14,1,0,4
BRDA:14,1,1,0
BRDA:15,2,0,4
BRDA:15,2,1,0
BRDA:23,3,0,0
BRDA:23,3,1,0
BRDA:44,4,0,0
BRDA:56,5,0,2
BRDA:57,6,0,4
BRDA:57,6,1,4
BRDA:60,7,0,1
BRDA:60,8,0,4
BRDA:60,8,1,1
BRDA:64,9,0,1
BRDA:92,10,0,0
BRDA:92,10,1,0
BRDA:100,11,0,0
BRDA:100,11,1,0
BRDA:108,12,0,0
BRDA:108,12,1,5
BRDA:108,13,0,5
BRDA:108,13,1,5
BRDA:113,14,0,2
BRDA:113,14,1,0
BRF:26
BRH:14
end_of_record
TN:
SF:src\modules\request.ts
FN:28,(anonymous_1)
FN:34,(anonymous_2)
FN:37,(anonymous_3)
FN:46,(anonymous_4)
FN:53,(anonymous_5)
FN:70,(anonymous_6)
FN:78,(anonymous_7)
FN:81,(anonymous_8)
FN:90,(anonymous_9)
FN:100,(anonymous_10)
FNF:10
FNH:2
FNDA:4,(anonymous_1)
FNDA:4,(anonymous_2)
FNDA:0,(anonymous_3)
FNDA:0,(anonymous_4)
FNDA:0,(anonymous_5)
FNDA:0,(anonymous_6)
FNDA:0,(anonymous_7)
FNDA:0,(anonymous_8)
FNDA:0,(anonymous_9)
FNDA:0,(anonymous_10)
DA:1,4
DA:28,4
DA:29,4
DA:30,4
DA:36,4
DA:38,0
DA:39,0
DA:40,0
DA:42,0
DA:43,0
DA:47,0
DA:52,4
DA:54,0
DA:55,0
DA:57,0
DA:60,0
DA:63,0
DA:64,0
DA:65,0
DA:67,0
DA:72,0
DA:73,0
DA:82,0
DA:83,0
DA:85,0
DA:91,0
DA:101,0
DA:110,4
LF:28
LH:7
BRDA:63,0,0,0
BRDA:63,0,1,0
BRDA:63,1,0,0
BRDA:63,1,1,0
BRDA:67,2,0,0
BRDA:67,2,1,0
BRDA:72,3,0,0
BRDA:72,3,1,0
BRDA:72,4,0,0
BRDA:72,4,1,0
BRDA:72,5,0,0
BRDA:72,5,1,0
BRDA:72,6,0,0
BRDA:72,6,1,0
BRDA:72,7,0,0
BRDA:72,7,1,0
BRDA:90,8,0,0
BRDA:100,9,0,0
BRF:18
BRH:0
end_of_record
TN:
SF:src\modules\storage.ts
FN:14,(anonymous_0)
FN:25,(anonymous_1)
FN:46,(anonymous_2)
FN:74,(anonymous_3)
FN:81,(anonymous_4)
FN:83,(anonymous_5)
FN:91,(anonymous_6)
FN:106,(anonymous_7)
FN:113,(anonymous_8)
FN:120,(anonymous_9)
FN:125,(anonymous_10)
FN:137,(anonymous_11)
FNF:12
FNH:0
FNDA:0,(anonymous_0)
FNDA:0,(anonymous_1)
FNDA:0,(anonymous_2)
FNDA:0,(anonymous_3)
FNDA:0,(anonymous_4)
FNDA:0,(anonymous_5)
FNDA:0,(anonymous_6)
FNDA:0,(anonymous_7)
FNDA:0,(anonymous_8)
FNDA:0,(anonymous_9)
FNDA:0,(anonymous_10)
FNDA:0,(anonymous_11)
DA:14,0
DA:15,0
DA:16,0
DA:26,0
DA:27,0
DA:32,0
DA:33,0
DA:34,0
DA:36,0
DA:37,0
DA:47,0
DA:49,0
DA:51,0
DA:52,0
DA:54,0
DA:56,0
DA:57,0
DA:58,0
DA:61,0
DA:63,0
DA:65,0
DA:66,0
DA:75,0
DA:82,0
DA:83,0
DA:84,0
DA:92,0
DA:93,0
DA:94,0
DA:95,0
DA:96,0
DA:99,0
DA:107,0
DA:114,0
DA:121,0
DA:122,0
DA:124,0
DA:126,0
DA:130,0
DA:138,0
DA:142,4
LF:41
LH:1
BRDA:15,0,0,0
BRDA:15,0,1,0
BRDA:16,1,0,0
BRDA:16,1,1,0
BRDA:26,2,0,0
BRDA:26,2,1,0
BRDA:30,3,0,0
BRDA:30,3,1,0
BRDA:49,4,0,0
BRDA:49,5,0,0
BRDA:49,5,1,0
BRDA:56,6,0,0
BRDA:56,7,0,0
BRDA:56,7,1,0
BRDA:58,8,0,0
BRDA:58,8,1,0
BRDA:66,9,0,0
BRDA:66,9,1,0
BRDA:95,10,0,0
BRDA:95,11,0,0
BRDA:95,11,1,0
BRF:21
BRH:0
end_of_record
